# JRE version: Java(TM) SE Runtime Environment (8.0_221-b11) (build 1.8.0_221-b11)
# Java VM: Java HotSpot(TM) 64-Bit Server VM (25.221-b11 mixed mode bsd-amd64 compressed oops)
Heap:
 PSYoungGen      total 30720K, used 2458K [0x0000000715580000, 0x0000000717480000, 0x00000007c0000000)
  eden space 29696K, 7% used [0x0000000715580000,0x00000007157aeac8,0x0000000717280000)
  from space 1024K, 21% used [0x0000000717380000,0x00000007173b8000,0x0000000717480000)
  to   space 1024K, 0% used [0x0000000717280000,0x0000000717280000,0x0000000717380000)
 ParOldGen       total 156160K, used 37165K [0x00000005c0000000, 0x00000005c9880000, 0x0000000715580000)
  object space 156160K, 23% used [0x00000005c0000000,0x00000005c244b7f8,0x00000005c9880000)
 Metaspace       used 19958K, capacity 20516K, committed 20608K, reserved 1067008K
  class space    used 2480K, capacity 2638K, committed 2688K, reserved 1048576K
GC Heap History (10 events):
Event: 22716.503 GC heap before
{Heap before GC invocations=1401 (full 5):
 PSYoungGen      total 31232K, used 29920K [0x0000000715580000, 0x0000000717580000, 0x00000007c0000000)
  eden space 29696K, 100% used [0x0000000715580000,0x0000000717280000,0x0000000717280000)
  from space 1536K, 14% used [0x0000000717280000,0x00000007172b8000,0x0000000717400000)
  to   space 1536K, 0% used [0x0000000717400000,0x0000000717400000,0x0000000717580000)
 ParOldGen       total 156160K, used 37093K [0x00000005c0000000, 0x00000005c9880000, 0x0000000715580000)
  object space 156160K, 23% used [0x00000005c0000000,0x00000005c24397f8,0x00000005c9880000)
 Metaspace       used 19958K, capacity 20516K, committed 20608K, reserved 1067008K
  class space    used 2480K, capacity 2638K, committed 2688K, reserved 1048576K
Event: 22716.506 GC heap after
Heap after GC invocations=1401 (full 5):
 PSYoungGen      total 30208K, used 224K [0x0000000715580000, 0x0000000717480000, 0x00000007c0000000)
  eden space 29696K, 0% used [0x0000000715580000,0x0000000715580000,0x0000000717280000)
  from space 512K, 43% used [0x0000000717400000,0x0000000717438000,0x0000000717480000)
  to   space 1024K, 0% used [0x0000000717280000,0x0000000717280000,0x0000000717380000)
 ParOldGen       total 156160K, used 37093K [0x00000005c0000000, 0x00000005c9880000, 0x0000000715580000)
  object space 156160K, 23% used [0x00000005c0000000,0x00000005c24397f8,0x00000005c9880000)
 Metaspace       used 19958K, capacity 20516K, committed 20608K, reserved 1067008K
  class space    used 2480K, capacity 2638K, committed 2688K, reserved 1048576K
}
Event: 22718.179 GC heap before
{Heap before GC invocations=1402 (full 5):
 PSYoungGen      total 30208K, used 29920K [0x0000000715580000, 0x0000000717480000, 0x00000007c0000000)
  eden space 29696K, 100% used [0x0000000715580000,0x0000000717280000,0x0000000717280000)
  from space 512K, 43% used [0x0000000717400000,0x0000000717438000,0x0000000717480000)
  to   space 1024K, 0% used [0x0000000717280000,0x0000000717280000,0x0000000717380000)
 ParOldGen       total 156160K, used 37093K [0x00000005c0000000, 0x00000005c9880000, 0x0000000715580000)
  object space 156160K, 23% used [0x00000005c0000000,0x00000005c24397f8,0x00000005c9880000)
 Metaspace       used 19958K, capacity 20516K, committed 20608K, reserved 1067008K
  class space    used 2480K, capacity 2638K, committed 2688K, reserved 1048576K
Event: 22718.183 GC heap after
Heap after GC invocations=1402 (full 5):
 PSYoungGen      total 30720K, used 192K [0x0000000715580000, 0x0000000717480000, 0x00000007c0000000)
  eden space 29696K, 0% used [0x0000000715580000,0x0000000715580000,0x0000000717280000)
  from space 1024K, 18% used [0x0000000717280000,0x00000007172b0000,0x0000000717380000)
  to   space 1024K, 0% used [0x0000000717380000,0x0000000717380000,0x0000000717480000)
 ParOldGen       total 156160K, used 37109K [0x00000005c0000000, 0x00000005c9880000, 0x0000000715580000)
  object space 156160K, 23% used [0x00000005c0000000,0x00000005c243d7f8,0x00000005c9880000)
 Metaspace       used 19958K, capacity 20516K, committed 20608K, reserved 1067008K
  class space    used 2480K, capacity 2638K, committed 2688K, reserved 1048576K
}
Event: 22719.818 GC heap before
{Heap before GC invocations=1403 (full 5):
 PSYoungGen      total 30720K, used 29888K [0x0000000715580000, 0x0000000717480000, 0x00000007c0000000)
  eden space 29696K, 100% used [0x0000000715580000,0x0000000717280000,0x0000000717280000)
  from space 1024K, 18% used [0x0000000717280000,0x00000007172b0000,0x0000000717380000)
  to   space 1024K, 0% used [0x0000000717380000,0x0000000717380000,0x0000000717480000)
 ParOldGen       total 156160K, used 37109K [0x00000005c0000000, 0x00000005c9880000, 0x0000000715580000)
  object space 156160K, 23% used [0x00000005c0000000,0x00000005c243d7f8,0x00000005c9880000)
 Metaspace       used 19958K, capacity 20516K, committed 20608K, reserved 1067008K
  class space    used 2480K, capacity 2638K, committed 2688K, reserved 1048576K
Event: 22719.820 GC heap after
Heap after GC invocations=1403 (full 5):
 PSYoungGen      total 30720K, used 256K [0x0000000715580000, 0x0000000717480000, 0x00000007c0000000)
  eden space 29696K, 0% used [0x0000000715580000,0x0000000715580000,0x0000000717280000)
  from space 1024K, 25% used [0x0000000717380000,0x00000007173c0000,0x0000000717480000)
  to   space 1024K, 0% used [0x0000000717280000,0x0000000717280000,0x0000000717380000)
 ParOldGen       total 156160K, used 37133K [0x00000005c0000000, 0x00000005c9880000, 0x0000000715580000)
  object space 156160K, 23% used [0x00000005c0000000,0x00000005c24437f8,0x00000005c9880000)
 Metaspace       used 19958K, capacity 20516K, committed 20608K, reserved 1067008K
  class space    used 2480K, capacity 2638K, committed 2688K, reserved 1048576K
}
Event: 22721.491 GC heap before
{Heap before GC invocations=1404 (full 5):
 PSYoungGen      total 30720K, used 29952K [0x0000000715580000, 0x0000000717480000, 0x00000007c0000000)
  eden space 29696K, 100% used [0x0000000715580000,0x0000000717280000,0x0000000717280000)
  from space 1024K, 25% used [0x0000000717380000,0x00000007173c0000,0x0000000717480000)
  to   space 1024K, 0% used [0x0000000717280000,0x0000000717280000,0x0000000717380000)
 ParOldGen       total 156160K, used 37133K [0x00000005c0000000, 0x00000005c9880000, 0x0000000715580000)
  object space 156160K, 23% used [0x00000005c0000000,0x00000005c24437f8,0x00000005c9880000)
 Metaspace       used 19958K, capacity 20516K, committed 20608K, reserved 1067008K
  class space    used 2480K, capacity 2638K, committed 2688K, reserved 1048576K
Event: 22721.494 GC heap after
Heap after GC invocations=1404 (full 5):
 PSYoungGen      total 30720K, used 384K [0x0000000715580000, 0x0000000717480000, 0x00000007c0000000)
  eden space 29696K, 0% used [0x0000000715580000,0x0000000715580000,0x0000000717280000)
  from space 1024K, 37% used [0x0000000717280000,0x00000007172e0000,0x0000000717380000)
  to   space 1024K, 0% used [0x0000000717380000,0x0000000717380000,0x0000000717480000)
 ParOldGen       total 156160K, used 37149K [0x00000005c0000000, 0x00000005c9880000, 0x0000000715580000)
  object space 156160K, 23% used [0x00000005c0000000,0x00000005c24477f8,0x00000005c9880000)
 Metaspace       used 19958K, capacity 20516K, committed 20608K, reserved 1067008K
  class space    used 2480K, capacity 2638K, committed 2688K, reserved 1048576K
}
Event: 22736.499 GC heap before
{Heap before GC invocations=1405 (full 5):
 PSYoungGen      total 30720K, used 30080K [0x0000000715580000, 0x0000000717480000, 0x00000007c0000000)
  eden space 29696K, 100% used [0x0000000715580000,0x0000000717280000,0x0000000717280000)
  from space 1024K, 37% used [0x0000000717280000,0x00000007172e0000,0x0000000717380000)
  to   space 1024K, 0% used [0x0000000717380000,0x0000000717380000,0x0000000717480000)
 ParOldGen       total 156160K, used 37149K [0x00000005c0000000, 0x00000005c9880000, 0x0000000715580000)
  object space 156160K, 23% used [0x00000005c0000000,0x00000005c24477f8,0x00000005c9880000)
 Metaspace       used 19958K, capacity 20516K, committed 20608K, reserved 1067008K
  class space    used 2480K, capacity 2638K, committed 2688K, reserved 1048576K
Event: 22736.502 GC heap after
Heap after GC invocations=1405 (full 5):
 PSYoungGen      total 30720K, used 224K [0x0000000715580000, 0x0000000717480000, 0x00000007c0000000)
  eden space 29696K, 0% used [0x0000000715580000,0x0000000715580000,0x0000000717280000)
  from space 1024K, 21% used [0x0000000717380000,0x00000007173b8000,0x0000000717480000)
  to   space 1024K, 0% used [0x0000000717280000,0x0000000717280000,0x0000000717380000)
 ParOldGen       total 156160K, used 37165K [0x00000005c0000000, 0x00000005c9880000, 0x0000000715580000)
  object space 156160K, 23% used [0x00000005c0000000,0x00000005c244b7f8,0x00000005c9880000)
 Metaspace       used 19958K, capacity 20516K, committed 20608K, reserved 1067008K
  class space    used 2480K, capacity 2638K, committed 2688K, reserved 1048576K
}

