# JRE version: Java(TM) SE Runtime Environment (8.0_221-b11) (build 1.8.0_221-b11)
# Java VM: Java HotSpot(TM) 64-Bit Server VM (25.221-b11 mixed mode bsd-amd64 compressed oops)
Heap:
 PSYoungGen      total 31744K, used 20922K [0x0000000715580000, 0x0000000717e00000, 0x00000007c0000000)
  eden space 23040K, 90% used [0x0000000715580000,0x00000007169c6a58,0x0000000716c00000)
  from space 8704K, 1% used [0x0000000717580000,0x00000007175a8000,0x0000000717e00000)
  to   space 9216K, 0% used [0x0000000716c00000,0x0000000716c00000,0x0000000717500000)
 ParOldGen       total 160256K, used 112944K [0x00000005c0000000, 0x00000005c9c80000, 0x0000000715580000)
  object space 160256K, 70% used [0x00000005c0000000,0x00000005c6e4c1d8,0x00000005c9c80000)
 Metaspace       used 20050K, capacity 20554K, committed 20864K, reserved 1067008K
  class space    used 2497K, capacity 2635K, committed 2688K, reserved 1048576K
GC Heap History (10 events):
Event: 157452.870 GC heap before
{Heap before GC invocations=205 (full 1):
 PSYoungGen      total 23552K, used 23355K [0x0000000715580000, 0x0000000718300000, 0x00000007c0000000)
  eden space 23040K, 100% used [0x0000000715580000,0x0000000716c00000,0x0000000716c00000)
  from space 512K, 61% used [0x0000000716c00000,0x0000000716c4ec98,0x0000000716c80000)
  to   space 11776K, 0% used [0x0000000717780000,0x0000000717780000,0x0000000718300000)
 ParOldGen       total 160256K, used 112376K [0x00000005c0000000, 0x00000005c9c80000, 0x0000000715580000)
  object space 160256K, 70% used [0x00000005c0000000,0x00000005c6dbe108,0x00000005c9c80000)
 Metaspace       used 20050K, capacity 20554K, committed 20864K, reserved 1067008K
  class space    used 2497K, capacity 2635K, committed 2688K, reserved 1048576K
Event: 157452.872 GC heap after
Heap after GC invocations=205 (full 1):
 PSYoungGen      total 33792K, used 288K [0x0000000715580000, 0x0000000718200000, 0x00000007c0000000)
  eden space 23040K, 0% used [0x0000000715580000,0x0000000715580000,0x0000000716c00000)
  from space 10752K, 2% used [0x0000000717780000,0x00000007177c8000,0x0000000718200000)
  to   space 11264K, 0% used [0x0000000716c00000,0x0000000716c00000,0x0000000717700000)
 ParOldGen       total 160256K, used 112700K [0x00000005c0000000, 0x00000005c9c80000, 0x0000000715580000)
  object space 160256K, 70% used [0x00000005c0000000,0x00000005c6e0f260,0x00000005c9c80000)
 Metaspace       used 20050K, capacity 20554K, committed 20864K, reserved 1067008K
  class space    used 2497K, capacity 2635K, committed 2688K, reserved 1048576K
}
Event: 157454.123 GC heap before
{Heap before GC invocations=206 (full 1):
 PSYoungGen      total 33792K, used 23328K [0x0000000715580000, 0x0000000718200000, 0x00000007c0000000)
  eden space 23040K, 100% used [0x0000000715580000,0x0000000716c00000,0x0000000716c00000)
  from space 10752K, 2% used [0x0000000717780000,0x00000007177c8000,0x0000000718200000)
  to   space 11264K, 0% used [0x0000000716c00000,0x0000000716c00000,0x0000000717700000)
 ParOldGen       total 160256K, used 112700K [0x00000005c0000000, 0x00000005c9c80000, 0x0000000715580000)
  object space 160256K, 70% used [0x00000005c0000000,0x00000005c6e0f260,0x00000005c9c80000)
 Metaspace       used 20050K, capacity 20554K, committed 20864K, reserved 1067008K
  class space    used 2497K, capacity 2635K, committed 2688K, reserved 1048576K
Event: 157454.126 GC heap after
Heap after GC invocations=206 (full 1):
 PSYoungGen      total 23552K, used 128K [0x0000000715580000, 0x0000000718100000, 0x00000007c0000000)
  eden space 23040K, 0% used [0x0000000715580000,0x0000000715580000,0x0000000716c00000)
  from space 512K, 25% used [0x0000000716c00000,0x0000000716c20000,0x0000000716c80000)
  to   space 10752K, 0% used [0x0000000717680000,0x0000000717680000,0x0000000718100000)
 ParOldGen       total 160256K, used 112700K [0x00000005c0000000, 0x00000005c9c80000, 0x0000000715580000)
  object space 160256K, 70% used [0x00000005c0000000,0x00000005c6e0f260,0x00000005c9c80000)
 Metaspace       used 20050K, capacity 20554K, committed 20864K, reserved 1067008K
  class space    used 2497K, capacity 2635K, committed 2688K, reserved 1048576K
}
Event: 157455.440 GC heap before
{Heap before GC invocations=207 (full 1):
 PSYoungGen      total 23552K, used 23168K [0x0000000715580000, 0x0000000718100000, 0x00000007c0000000)
  eden space 23040K, 100% used [0x0000000715580000,0x0000000716c00000,0x0000000716c00000)
  from space 512K, 25% used [0x0000000716c00000,0x0000000716c20000,0x0000000716c80000)
  to   space 10752K, 0% used [0x0000000717680000,0x0000000717680000,0x0000000718100000)
 ParOldGen       total 160256K, used 112700K [0x00000005c0000000, 0x00000005c9c80000, 0x0000000715580000)
  object space 160256K, 70% used [0x00000005c0000000,0x00000005c6e0f260,0x00000005c9c80000)
 Metaspace       used 20050K, capacity 20554K, committed 20864K, reserved 1067008K
  class space    used 2497K, capacity 2635K, committed 2688K, reserved 1048576K
Event: 157455.443 GC heap after
Heap after GC invocations=207 (full 1):
 PSYoungGen      total 32768K, used 192K [0x0000000715580000, 0x0000000718000000, 0x00000007c0000000)
  eden space 23040K, 0% used [0x0000000715580000,0x0000000715580000,0x0000000716c00000)
  from space 9728K, 1% used [0x0000000717680000,0x00000007176b0000,0x0000000718000000)
  to   space 10240K, 0% used [0x0000000716c00000,0x0000000716c00000,0x0000000717600000)
 ParOldGen       total 160256K, used 112724K [0x00000005c0000000, 0x00000005c9c80000, 0x0000000715580000)
  object space 160256K, 70% used [0x00000005c0000000,0x00000005c6e15260,0x00000005c9c80000)
 Metaspace       used 20050K, capacity 20554K, committed 20864K, reserved 1067008K
  class space    used 2497K, capacity 2635K, committed 2688K, reserved 1048576K
}
Event: 176684.912 GC heap before
{Heap before GC invocations=208 (full 1):
 PSYoungGen      total 32768K, used 23232K [0x0000000715580000, 0x0000000718000000, 0x00000007c0000000)
  eden space 23040K, 100% used [0x0000000715580000,0x0000000716c00000,0x0000000716c00000)
  from space 9728K, 1% used [0x0000000717680000,0x00000007176b0000,0x0000000718000000)
  to   space 10240K, 0% used [0x0000000716c00000,0x0000000716c00000,0x0000000717600000)
 ParOldGen       total 160256K, used 112724K [0x00000005c0000000, 0x00000005c9c80000, 0x0000000715580000)
  object space 160256K, 70% used [0x00000005c0000000,0x00000005c6e15260,0x00000005c9c80000)
 Metaspace       used 20050K, capacity 20554K, committed 20864K, reserved 1067008K
  class space    used 2497K, capacity 2635K, committed 2688K, reserved 1048576K
Event: 176684.915 GC heap after
Heap after GC invocations=208 (full 1):
 PSYoungGen      total 23552K, used 283K [0x0000000715580000, 0x0000000717f00000, 0x00000007c0000000)
  eden space 23040K, 0% used [0x0000000715580000,0x0000000715580000,0x0000000716c00000)
  from space 512K, 55% used [0x0000000716c00000,0x0000000716c46c98,0x0000000716c80000)
  to   space 9728K, 0% used [0x0000000717580000,0x0000000717580000,0x0000000717f00000)
 ParOldGen       total 160256K, used 112724K [0x00000005c0000000, 0x00000005c9c80000, 0x0000000715580000)
  object space 160256K, 70% used [0x00000005c0000000,0x00000005c6e15260,0x00000005c9c80000)
 Metaspace       used 20050K, capacity 20554K, committed 20864K, reserved 1067008K
  class space    used 2497K, capacity 2635K, committed 2688K, reserved 1048576K
}
Event: 197794.560 GC heap before
{Heap before GC invocations=209 (full 1):
 PSYoungGen      total 23552K, used 23323K [0x0000000715580000, 0x0000000717f00000, 0x00000007c0000000)
  eden space 23040K, 100% used [0x0000000715580000,0x0000000716c00000,0x0000000716c00000)
  from space 512K, 55% used [0x0000000716c00000,0x0000000716c46c98,0x0000000716c80000)
  to   space 9728K, 0% used [0x0000000717580000,0x0000000717580000,0x0000000717f00000)
 ParOldGen       total 160256K, used 112724K [0x00000005c0000000, 0x00000005c9c80000, 0x0000000715580000)
  object space 160256K, 70% used [0x00000005c0000000,0x00000005c6e15260,0x00000005c9c80000)
 Metaspace       used 20050K, capacity 20554K, committed 20864K, reserved 1067008K
  class space    used 2497K, capacity 2635K, committed 2688K, reserved 1048576K
Event: 197794.564 GC heap after
Heap after GC invocations=209 (full 1):
 PSYoungGen      total 31744K, used 160K [0x0000000715580000, 0x0000000717e00000, 0x00000007c0000000)
  eden space 23040K, 0% used [0x0000000715580000,0x0000000715580000,0x0000000716c00000)
  from space 8704K, 1% used [0x0000000717580000,0x00000007175a8000,0x0000000717e00000)
  to   space 9216K, 0% used [0x0000000716c00000,0x0000000716c00000,0x0000000717500000)
 ParOldGen       total 160256K, used 112944K [0x00000005c0000000, 0x00000005c9c80000, 0x0000000715580000)
  object space 160256K, 70% used [0x00000005c0000000,0x00000005c6e4c1d8,0x00000005c9c80000)
 Metaspace       used 20050K, capacity 20554K, committed 20864K, reserved 1067008K
  class space    used 2497K, capacity 2635K, committed 2688K, reserved 1048576K
}

