# JRE version: Java(TM) SE Runtime Environment (8.0_221-b11) (build 1.8.0_221-b11)
# Java VM: Java HotSpot(TM) 64-Bit Server VM (25.221-b11 mixed mode bsd-amd64 compressed oops)
Heap:
 PSYoungGen      total 153088K, used 139574K [0x0000000715580000, 0x0000000720000000, 0x00000007c0000000)
  eden space 131584K, 96% used [0x0000000715580000,0x000000071d21c6d0,0x000000071d600000)
  from space 21504K, 55% used [0x000000071eb00000,0x000000071f6b1460,0x0000000720000000)
  to   space 21504K, 0% used [0x000000071d600000,0x000000071d600000,0x000000071eb00000)
 ParOldGen       total 349696K, used 56K [0x00000005c0000000, 0x00000005d5580000, 0x0000000715580000)
  object space 349696K, 0% used [0x00000005c0000000,0x00000005c000e000,0x00000005d5580000)
 Metaspace       used 18566K, capacity 19054K, committed 19328K, reserved 1067008K
  class space    used 2501K, capacity 2629K, committed 2688K, reserved 1048576K
GC Heap History (8 events):
Event: 28.561 GC heap before
{Heap before GC invocations=1 (full 0):
 PSYoungGen      total 153088K, used 131584K [0x0000000715580000, 0x0000000720000000, 0x00000007c0000000)
  eden space 131584K, 100% used [0x0000000715580000,0x000000071d600000,0x000000071d600000)
  from space 21504K, 0% used [0x000000071eb00000,0x000000071eb00000,0x0000000720000000)
  to   space 21504K, 0% used [0x000000071d600000,0x000000071d600000,0x000000071eb00000)
 ParOldGen       total 349696K, used 0K [0x00000005c0000000, 0x00000005d5580000, 0x0000000715580000)
  object space 349696K, 0% used [0x00000005c0000000,0x00000005c0000000,0x00000005d5580000)
 Metaspace       used 17803K, capacity 18254K, committed 18432K, reserved 1064960K
  class space    used 2440K, capacity 2555K, committed 2560K, reserved 1048576K
Event: 28.569 GC heap after
Heap after GC invocations=1 (full 0):
 PSYoungGen      total 153088K, used 12891K [0x0000000715580000, 0x0000000720000000, 0x00000007c0000000)
  eden space 131584K, 0% used [0x0000000715580000,0x0000000715580000,0x000000071d600000)
  from space 21504K, 59% used [0x000000071d600000,0x000000071e296f58,0x000000071eb00000)
  to   space 21504K, 0% used [0x000000071eb00000,0x000000071eb00000,0x0000000720000000)
 ParOldGen       total 349696K, used 32K [0x00000005c0000000, 0x00000005d5580000, 0x0000000715580000)
  object space 349696K, 0% used [0x00000005c0000000,0x00000005c0008000,0x00000005d5580000)
 Metaspace       used 17803K, capacity 18254K, committed 18432K, reserved 1064960K
  class space    used 2440K, capacity 2555K, committed 2560K, reserved 1048576K
}
Event: 668.430 GC heap before
{Heap before GC invocations=2 (full 0):
 PSYoungGen      total 153088K, used 144475K [0x0000000715580000, 0x0000000720000000, 0x00000007c0000000)
  eden space 131584K, 100% used [0x0000000715580000,0x000000071d600000,0x000000071d600000)
  from space 21504K, 59% used [0x000000071d600000,0x000000071e296f58,0x000000071eb00000)
  to   space 21504K, 0% used [0x000000071eb00000,0x000000071eb00000,0x0000000720000000)
 ParOldGen       total 349696K, used 32K [0x00000005c0000000, 0x00000005d5580000, 0x0000000715580000)
  object space 349696K, 0% used [0x00000005c0000000,0x00000005c0008000,0x00000005d5580000)
 Metaspace       used 18310K, capacity 18790K, committed 19072K, reserved 1064960K
  class space    used 2493K, capacity 2627K, committed 2688K, reserved 1048576K
Event: 668.439 GC heap after
Heap after GC invocations=2 (full 0):
 PSYoungGen      total 153088K, used 12923K [0x0000000715580000, 0x0000000720000000, 0x00000007c0000000)
  eden space 131584K, 0% used [0x0000000715580000,0x0000000715580000,0x000000071d600000)
  from space 21504K, 60% used [0x000000071eb00000,0x000000071f79ec58,0x0000000720000000)
  to   space 21504K, 0% used [0x000000071d600000,0x000000071d600000,0x000000071eb00000)
 ParOldGen       total 349696K, used 40K [0x00000005c0000000, 0x00000005d5580000, 0x0000000715580000)
  object space 349696K, 0% used [0x00000005c0000000,0x00000005c000a000,0x00000005d5580000)
 Metaspace       used 18310K, capacity 18790K, committed 19072K, reserved 1064960K
  class space    used 2493K, capacity 2627K, committed 2688K, reserved 1048576K
}
Event: 48594.173 GC heap before
{Heap before GC invocations=3 (full 0):
 PSYoungGen      total 153088K, used 144507K [0x0000000715580000, 0x0000000720000000, 0x00000007c0000000)
  eden space 131584K, 100% used [0x0000000715580000,0x000000071d600000,0x000000071d600000)
  from space 21504K, 60% used [0x000000071eb00000,0x000000071f79ec58,0x0000000720000000)
  to   space 21504K, 0% used [0x000000071d600000,0x000000071d600000,0x000000071eb00000)
 ParOldGen       total 349696K, used 40K [0x00000005c0000000, 0x00000005d5580000, 0x0000000715580000)
  object space 349696K, 0% used [0x00000005c0000000,0x00000005c000a000,0x00000005d5580000)
 Metaspace       used 18542K, capacity 18990K, committed 19072K, reserved 1064960K
  class space    used 2501K, capacity 2629K, committed 2688K, reserved 1048576K
Event: 48594.196 GC heap after
Heap after GC invocations=3 (full 0):
 PSYoungGen      total 153088K, used 16953K [0x0000000715580000, 0x0000000720000000, 0x00000007c0000000)
  eden space 131584K, 0% used [0x0000000715580000,0x0000000715580000,0x000000071d600000)
  from space 21504K, 78% used [0x000000071d600000,0x000000071e68e7a0,0x000000071eb00000)
  to   space 21504K, 0% used [0x000000071eb00000,0x000000071eb00000,0x0000000720000000)
 ParOldGen       total 349696K, used 48K [0x00000005c0000000, 0x00000005d5580000, 0x0000000715580000)
  object space 349696K, 0% used [0x00000005c0000000,0x00000005c000c000,0x00000005d5580000)
 Metaspace       used 18542K, capacity 18990K, committed 19072K, reserved 1064960K
  class space    used 2501K, capacity 2629K, committed 2688K, reserved 1048576K
}
Event: 153935.905 GC heap before
{Heap before GC invocations=4 (full 0):
 PSYoungGen      total 153088K, used 148537K [0x0000000715580000, 0x0000000720000000, 0x00000007c0000000)
  eden space 131584K, 100% used [0x0000000715580000,0x000000071d600000,0x000000071d600000)
  from space 21504K, 78% used [0x000000071d600000,0x000000071e68e7a0,0x000000071eb00000)
  to   space 21504K, 0% used [0x000000071eb00000,0x000000071eb00000,0x0000000720000000)
 ParOldGen       total 349696K, used 48K [0x00000005c0000000, 0x00000005d5580000, 0x0000000715580000)
  object space 349696K, 0% used [0x00000005c0000000,0x00000005c000c000,0x00000005d5580000)
 Metaspace       used 18549K, capacity 18990K, committed 19072K, reserved 1064960K
  class space    used 2501K, capacity 2629K, committed 2688K, reserved 1048576K
Event: 153936.295 GC heap after
Heap after GC invocations=4 (full 0):
 PSYoungGen      total 153088K, used 11973K [0x0000000715580000, 0x0000000720000000, 0x00000007c0000000)
  eden space 131584K, 0% used [0x0000000715580000,0x0000000715580000,0x000000071d600000)
  from space 21504K, 55% used [0x000000071eb00000,0x000000071f6b1460,0x0000000720000000)
  to   space 21504K, 0% used [0x000000071d600000,0x000000071d600000,0x000000071eb00000)
 ParOldGen       total 349696K, used 56K [0x00000005c0000000, 0x00000005d5580000, 0x0000000715580000)
  object space 349696K, 0% used [0x00000005c0000000,0x00000005c000e000,0x00000005d5580000)
 Metaspace       used 18549K, capacity 18990K, committed 19072K, reserved 1064960K
  class space    used 2501K, capacity 2629K, committed 2688K, reserved 1048576K
}

