# JRE version: Java(TM) SE Runtime Environment (8.0_221-b11) (build 1.8.0_221-b11)
# Java VM: Java HotSpot(TM) 64-Bit Server VM (25.221-b11 mixed mode bsd-amd64 compressed oops)
Heap:
 PSYoungGen      total 48640K, used 27102K [0x0000000715580000, 0x0000000718e80000, 0x00000007c0000000)
  eden space 39936K, 59% used [0x0000000715580000,0x0000000716ce06c8,0x0000000717c80000)
  from space 8704K, 36% used [0x0000000718600000,0x00000007189172a8,0x0000000718e80000)
  to   space 9216K, 0% used [0x0000000717c80000,0x0000000717c80000,0x0000000718580000)
 ParOldGen       total 349696K, used 133667K [0x00000005c0000000, 0x00000005d5580000, 0x0000000715580000)
  object space 349696K, 38% used [0x00000005c0000000,0x00000005c8288d90,0x00000005d5580000)
 Metaspace       used 19849K, capacity 20362K, committed 20608K, reserved 1067008K
  class space    used 2491K, capacity 2639K, committed 2688K, reserved 1048576K
GC Heap History (10 events):
Event: 65506.349 GC heap before
{Heap before GC invocations=88 (full 0):
 PSYoungGen      total 40448K, used 40128K [0x0000000715580000, 0x0000000718e80000, 0x00000007c0000000)
  eden space 39936K, 100% used [0x0000000715580000,0x0000000717c80000,0x0000000717c80000)
  from space 512K, 37% used [0x0000000717c80000,0x0000000717cb0000,0x0000000717d00000)
  to   space 9216K, 0% used [0x0000000718580000,0x0000000718580000,0x0000000718e80000)
 ParOldGen       total 349696K, used 129449K [0x00000005c0000000, 0x00000005d5580000, 0x0000000715580000)
  object space 349696K, 37% used [0x00000005c0000000,0x00000005c7e6a7f0,0x00000005d5580000)
 Metaspace       used 19844K, capacity 20358K, committed 20608K, reserved 1067008K
  class space    used 2491K, capacity 2639K, committed 2688K, reserved 1048576K
Event: 65506.351 GC heap after
Heap after GC invocations=88 (full 0):
 PSYoungGen      total 49152K, used 219K [0x0000000715580000, 0x0000000718e80000, 0x00000007c0000000)
  eden space 39936K, 0% used [0x0000000715580000,0x0000000715580000,0x0000000717c80000)
  from space 9216K, 2% used [0x0000000718580000,0x00000007185b6c98,0x0000000718e80000)
  to   space 9216K, 0% used [0x0000000717c80000,0x0000000717c80000,0x0000000718580000)
 ParOldGen       total 349696K, used 129449K [0x00000005c0000000, 0x00000005d5580000, 0x0000000715580000)
  object space 349696K, 37% used [0x00000005c0000000,0x00000005c7e6a7f0,0x00000005d5580000)
 Metaspace       used 19844K, capacity 20358K, committed 20608K, reserved 1067008K
  class space    used 2491K, capacity 2639K, committed 2688K, reserved 1048576K
}
Event: 65508.516 GC heap before
{Heap before GC invocations=89 (full 0):
 PSYoungGen      total 49152K, used 40155K [0x0000000715580000, 0x0000000718e80000, 0x00000007c0000000)
  eden space 39936K, 100% used [0x0000000715580000,0x0000000717c80000,0x0000000717c80000)
  from space 9216K, 2% used [0x0000000718580000,0x00000007185b6c98,0x0000000718e80000)
  to   space 9216K, 0% used [0x0000000717c80000,0x0000000717c80000,0x0000000718580000)
 ParOldGen       total 349696K, used 129449K [0x00000005c0000000, 0x00000005d5580000, 0x0000000715580000)
  object space 349696K, 37% used [0x00000005c0000000,0x00000005c7e6a7f0,0x00000005d5580000)
 Metaspace       used 19844K, capacity 20358K, committed 20608K, reserved 1067008K
  class space    used 2491K, capacity 2639K, committed 2688K, reserved 1048576K
Event: 65508.518 GC heap after
Heap after GC invocations=89 (full 0):
 PSYoungGen      total 40448K, used 192K [0x0000000715580000, 0x0000000718d80000, 0x00000007c0000000)
  eden space 39936K, 0% used [0x0000000715580000,0x0000000715580000,0x0000000717c80000)
  from space 512K, 37% used [0x0000000717c80000,0x0000000717cb0000,0x0000000717d00000)
  to   space 8704K, 0% used [0x0000000718500000,0x0000000718500000,0x0000000718d80000)
 ParOldGen       total 349696K, used 129579K [0x00000005c0000000, 0x00000005d5580000, 0x0000000715580000)
  object space 349696K, 37% used [0x00000005c0000000,0x00000005c7e8adb8,0x00000005d5580000)
 Metaspace       used 19844K, capacity 20358K, committed 20608K, reserved 1067008K
  class space    used 2491K, capacity 2639K, committed 2688K, reserved 1048576K
}
Event: 65510.599 GC heap before
{Heap before GC invocations=90 (full 0):
 PSYoungGen      total 40448K, used 40128K [0x0000000715580000, 0x0000000718d80000, 0x00000007c0000000)
  eden space 39936K, 100% used [0x0000000715580000,0x0000000717c80000,0x0000000717c80000)
  from space 512K, 37% used [0x0000000717c80000,0x0000000717cb0000,0x0000000717d00000)
  to   space 8704K, 0% used [0x0000000718500000,0x0000000718500000,0x0000000718d80000)
 ParOldGen       total 349696K, used 129579K [0x00000005c0000000, 0x00000005d5580000, 0x0000000715580000)
  object space 349696K, 37% used [0x00000005c0000000,0x00000005c7e8adb8,0x00000005d5580000)
 Metaspace       used 19844K, capacity 20358K, committed 20608K, reserved 1067008K
  class space    used 2491K, capacity 2639K, committed 2688K, reserved 1048576K
Event: 65510.601 GC heap after
Heap after GC invocations=90 (full 0):
 PSYoungGen      total 47616K, used 256K [0x0000000715580000, 0x0000000718c80000, 0x00000007c0000000)
  eden space 39936K, 0% used [0x0000000715580000,0x0000000715580000,0x0000000717c80000)
  from space 7680K, 3% used [0x0000000718500000,0x0000000718540000,0x0000000718c80000)
  to   space 8192K, 0% used [0x0000000717c80000,0x0000000717c80000,0x0000000718480000)
 ParOldGen       total 349696K, used 129587K [0x00000005c0000000, 0x00000005d5580000, 0x0000000715580000)
  object space 349696K, 37% used [0x00000005c0000000,0x00000005c7e8cdb8,0x00000005d5580000)
 Metaspace       used 19844K, capacity 20358K, committed 20608K, reserved 1067008K
  class space    used 2491K, capacity 2639K, committed 2688K, reserved 1048576K
}
Event: 65540.089 GC heap before
{Heap before GC invocations=91 (full 0):
 PSYoungGen      total 47616K, used 40192K [0x0000000715580000, 0x0000000718c80000, 0x00000007c0000000)
  eden space 39936K, 100% used [0x0000000715580000,0x0000000717c80000,0x0000000717c80000)
  from space 7680K, 3% used [0x0000000718500000,0x0000000718540000,0x0000000718c80000)
  to   space 8192K, 0% used [0x0000000717c80000,0x0000000717c80000,0x0000000718480000)
 ParOldGen       total 349696K, used 129587K [0x00000005c0000000, 0x00000005d5580000, 0x0000000715580000)
  object space 349696K, 37% used [0x00000005c0000000,0x00000005c7e8cdb8,0x00000005d5580000)
 Metaspace       used 19849K, capacity 20362K, committed 20608K, reserved 1067008K
  class space    used 2491K, capacity 2639K, committed 2688K, reserved 1048576K
Event: 65540.091 GC heap after
Heap after GC invocations=91 (full 0):
 PSYoungGen      total 48128K, used 6928K [0x0000000715580000, 0x0000000718f80000, 0x00000007c0000000)
  eden space 39936K, 0% used [0x0000000715580000,0x0000000715580000,0x0000000717c80000)
  from space 8192K, 84% used [0x0000000717c80000,0x0000000718344088,0x0000000718480000)
  to   space 9728K, 0% used [0x0000000718600000,0x0000000718600000,0x0000000718f80000)
 ParOldGen       total 349696K, used 129619K [0x00000005c0000000, 0x00000005d5580000, 0x0000000715580000)
  object space 349696K, 37% used [0x00000005c0000000,0x00000005c7e94db8,0x00000005d5580000)
 Metaspace       used 19849K, capacity 20362K, committed 20608K, reserved 1067008K
  class space    used 2491K, capacity 2639K, committed 2688K, reserved 1048576K
}
Event: 65546.708 GC heap before
{Heap before GC invocations=92 (full 0):
 PSYoungGen      total 48128K, used 46864K [0x0000000715580000, 0x0000000718f80000, 0x00000007c0000000)
  eden space 39936K, 100% used [0x0000000715580000,0x0000000717c80000,0x0000000717c80000)
  from space 8192K, 84% used [0x0000000717c80000,0x0000000718344088,0x0000000718480000)
  to   space 9728K, 0% used [0x0000000718600000,0x0000000718600000,0x0000000718f80000)
 ParOldGen       total 349696K, used 129619K [0x00000005c0000000, 0x00000005d5580000, 0x0000000715580000)
  object space 349696K, 37% used [0x00000005c0000000,0x00000005c7e94db8,0x00000005d5580000)
 Metaspace       used 19849K, capacity 20362K, committed 20608K, reserved 1067008K
  class space    used 2491K, capacity 2639K, committed 2688K, reserved 1048576K
Event: 65546.713 GC heap after
Heap after GC invocations=92 (full 0):
 PSYoungGen      total 48640K, used 3164K [0x0000000715580000, 0x0000000718e80000, 0x00000007c0000000)
  eden space 39936K, 0% used [0x0000000715580000,0x0000000715580000,0x0000000717c80000)
  from space 8704K, 36% used [0x0000000718600000,0x00000007189172a8,0x0000000718e80000)
  to   space 9216K, 0% used [0x0000000717c80000,0x0000000717c80000,0x0000000718580000)
 ParOldGen       total 349696K, used 133667K [0x00000005c0000000, 0x00000005d5580000, 0x0000000715580000)
  object space 349696K, 38% used [0x00000005c0000000,0x00000005c8288d90,0x00000005d5580000)
 Metaspace       used 19849K, capacity 20362K, committed 20608K, reserved 1067008K
  class space    used 2491K, capacity 2639K, committed 2688K, reserved 1048576K
}

